[0.010s] Invoking command in '/home/duel/ros2/build/more_interfaces': /usr/bin/cmake /home/duel/ros2/more_interfaces -DCMAKE_INSTALL_PREFIX=/home/duel/ros2/install/more_interfaces
[0.020s] -- Found ament_cmake: 1.3.11 (/opt/ros/humble/share/ament_cmake/cmake)
[0.127s] -- Found rclcpp: 16.0.11 (/opt/ros/humble/share/rclcpp/cmake)
[0.151s] -- Found rosidl_generator_c: 3.1.6 (/opt/ros/humble/share/rosidl_generator_c/cmake)
[0.153s] -- Found rosidl_adapter: 3.1.6 (/opt/ros/humble/share/rosidl_adapter/cmake)
[0.158s] -- Found rosidl_generator_cpp: 3.1.6 (/opt/ros/humble/share/rosidl_generator_cpp/cmake)
[0.166s] -- Using all available rosidl_typesupport_c: rosidl_typesupport_fastrtps_c;rosidl_typesupport_introspection_c
[0.177s] -- Using all available rosidl_typesupport_cpp: rosidl_typesupport_fastrtps_cpp;rosidl_typesupport_introspection_cpp
[0.205s] -- Found rmw_implementation_cmake: 6.1.2 (/opt/ros/humble/share/rmw_implementation_cmake/cmake)
[0.206s] -- Found rmw_fastrtps_cpp: 6.2.7 (/opt/ros/humble/share/rmw_fastrtps_cpp/cmake)
[0.302s] -- Using RMW implementation 'rmw_fastrtps_cpp' as default
[0.341s] -- Found rosidl_default_generators: 1.2.0 (/opt/ros/humble/share/rosidl_default_generators/cmake)
[0.347s] [31mCMake Error at /opt/ros/humble/share/rosidl_cmake/cmake/rosidl_get_typesupport_target.cmake:29 (message):
[0.347s]   more_interfaces is not a CMake target.  Maybe rosidl_generate_interfaces
[0.347s]   was given a different target name?
[0.347s] Call Stack (most recent call first):
[0.347s]   CMakeLists.txt:16 (rosidl_get_typesupport_target)
[0.348s] 
[0.348s] [0m
[0.348s] -- Configuring incomplete, errors occurred!
[0.348s] See also "/home/duel/ros2/build/more_interfaces/CMakeFiles/CMakeOutput.log".
[0.354s] Invoked command in '/home/duel/ros2/build/more_interfaces' returned '1': /usr/bin/cmake /home/duel/ros2/more_interfaces -DCMAKE_INSTALL_PREFIX=/home/duel/ros2/install/more_interfaces
