[0.011s] Invoking command in '/home/duel/ros2/build/cpp_pubsub': CMAKE_PREFIX_PATH=${CMAKE_PREFIX_PATH}:/opt/ros/humble /usr/bin/cmake --build /home/duel/ros2/build/cpp_pubsub -- -j12 -l12
[0.050s] [35m[1mConsolidate compiler generated dependencies of target talker[0m
[0.066s] [ 50%] [32mBuilding CXX object CMakeFiles/talker.dir/src/publisher_member_function.cpp.o[0m
[3.299s] [100%] [32m[1mLinking CXX executable talker[0m
[3.476s] [100%] Built target talker
[3.488s] Invoked command in '/home/duel/ros2/build/cpp_pubsub' returned '0': CMAKE_PREFIX_PATH=${CMAKE_PREFIX_PATH}:/opt/ros/humble /usr/bin/cmake --build /home/duel/ros2/build/cpp_pubsub -- -j12 -l12
[3.498s] Invoking command in '/home/duel/ros2/build/cpp_pubsub': CMAKE_PREFIX_PATH=${CMAKE_PREFIX_PATH}:/opt/ros/humble /usr/bin/cmake --install /home/duel/ros2/build/cpp_pubsub
[3.505s] -- Install configuration: ""
[3.505s] -- Installing: /home/duel/ros2/install/cpp_pubsub/lib/cpp_pubsub/talker
[3.506s] -- Set runtime path of "/home/duel/ros2/install/cpp_pubsub/lib/cpp_pubsub/talker" to ""
[3.506s] -- Up-to-date: /home/duel/ros2/install/cpp_pubsub/share/ament_index/resource_index/package_run_dependencies/cpp_pubsub
[3.506s] -- Up-to-date: /home/duel/ros2/install/cpp_pubsub/share/ament_index/resource_index/parent_prefix_path/cpp_pubsub
[3.507s] -- Up-to-date: /home/duel/ros2/install/cpp_pubsub/share/cpp_pubsub/environment/ament_prefix_path.sh
[3.507s] -- Up-to-date: /home/duel/ros2/install/cpp_pubsub/share/cpp_pubsub/environment/ament_prefix_path.dsv
[3.507s] -- Up-to-date: /home/duel/ros2/install/cpp_pubsub/share/cpp_pubsub/environment/path.sh
[3.507s] -- Up-to-date: /home/duel/ros2/install/cpp_pubsub/share/cpp_pubsub/environment/path.dsv
[3.507s] -- Up-to-date: /home/duel/ros2/install/cpp_pubsub/share/cpp_pubsub/local_setup.bash
[3.507s] -- Up-to-date: /home/duel/ros2/install/cpp_pubsub/share/cpp_pubsub/local_setup.sh
[3.507s] -- Up-to-date: /home/duel/ros2/install/cpp_pubsub/share/cpp_pubsub/local_setup.zsh
[3.507s] -- Up-to-date: /home/duel/ros2/install/cpp_pubsub/share/cpp_pubsub/local_setup.dsv
[3.507s] -- Installing: /home/duel/ros2/install/cpp_pubsub/share/cpp_pubsub/package.dsv
[3.507s] -- Up-to-date: /home/duel/ros2/install/cpp_pubsub/share/ament_index/resource_index/packages/cpp_pubsub
[3.507s] -- Up-to-date: /home/duel/ros2/install/cpp_pubsub/share/cpp_pubsub/cmake/cpp_pubsubConfig.cmake
[3.507s] -- Up-to-date: /home/duel/ros2/install/cpp_pubsub/share/cpp_pubsub/cmake/cpp_pubsubConfig-version.cmake
[3.507s] -- Up-to-date: /home/duel/ros2/install/cpp_pubsub/share/cpp_pubsub/package.xml
[3.509s] Invoked command in '/home/duel/ros2/build/cpp_pubsub' returned '0': CMAKE_PREFIX_PATH=${CMAKE_PREFIX_PATH}:/opt/ros/humble /usr/bin/cmake --install /home/duel/ros2/build/cpp_pubsub
