[0.470s] DEBUG:colcon:Command line arguments: ['/usr/bin/colcon', 'build']
[0.470s] DEBUG:colcon:Parsed command line arguments: Namespace(log_base=None, log_level=None, verb_name='build', build_base='build', install_base='install', merge_install=False, symlink_install=False, test_result_base=None, continue_on_error=False, executor='parallel', parallel_workers=12, event_handlers=None, ignore_user_meta=False, metas=['./colcon.meta'], base_paths=['.'], packages_ignore=None, packages_ignore_regex=None, paths=None, packages_up_to=None, packages_up_to_regex=None, packages_above=None, packages_above_and_dependencies=None, packages_above_depth=None, packages_select_by_dep=None, packages_skip_by_dep=None, packages_skip_up_to=None, packages_select_build_failed=False, packages_skip_build_finished=False, packages_select_test_failures=False, packages_skip_test_passed=False, packages_select=None, packages_skip=None, packages_select_regex=None, packages_skip_regex=None, packages_start=None, packages_end=None, allow_overriding=[], cmake_args=None, cmake_target=None, cmake_target_skip_unavailable=False, cmake_clean_cache=False, cmake_clean_first=False, cmake_force_configure=False, ament_cmake_args=None, catkin_cmake_args=None, catkin_skip_building_tests=False, verb_parser=<colcon_defaults.argument_parser.defaults.DefaultArgumentsDecorator object at 0x771e33658220>, verb_extension=<colcon_core.verb.build.BuildVerb object at 0x771e33633130>, main=<bound method BuildVerb.main of <colcon_core.verb.build.BuildVerb object at 0x771e33633130>>)
[5.619s] Level 1:colcon.colcon_core.package_discovery:discover_packages(colcon_meta) check parameters
[5.619s] Level 1:colcon.colcon_core.package_discovery:discover_packages(recursive) check parameters
[5.619s] Level 1:colcon.colcon_core.package_discovery:discover_packages(ignore) check parameters
[5.619s] Level 1:colcon.colcon_core.package_discovery:discover_packages(path) check parameters
[5.619s] Level 1:colcon.colcon_core.package_discovery:discover_packages(colcon_meta) discover
[5.619s] Level 1:colcon.colcon_core.package_discovery:discover_packages(recursive) discover
[5.619s] INFO:colcon.colcon_core.package_discovery:Crawling recursively for packages in '/home/duel/ros2'
[5.619s] Level 1:colcon.colcon_core.package_identification:_identify(.) by extensions ['ignore', 'ignore_ament_install']
[5.619s] Level 1:colcon.colcon_core.package_identification:_identify(.) by extension 'ignore'
[5.619s] Level 1:colcon.colcon_core.package_identification:_identify(.) by extension 'ignore_ament_install'
[5.620s] Level 1:colcon.colcon_core.package_identification:_identify(.) by extensions ['colcon_pkg']
[5.620s] Level 1:colcon.colcon_core.package_identification:_identify(.) by extension 'colcon_pkg'
[5.620s] Level 1:colcon.colcon_core.package_identification:_identify(.) by extensions ['colcon_meta']
[5.620s] Level 1:colcon.colcon_core.package_identification:_identify(.) by extension 'colcon_meta'
[5.620s] Level 1:colcon.colcon_core.package_identification:_identify(.) by extensions ['ros']
[5.620s] Level 1:colcon.colcon_core.package_identification:_identify(.) by extension 'ros'
[5.630s] Level 1:colcon.colcon_core.package_identification:_identify(.) by extensions ['cmake', 'python']
[5.630s] Level 1:colcon.colcon_core.package_identification:_identify(.) by extension 'cmake'
[5.630s] Level 1:colcon.colcon_core.package_identification:_identify(.) by extension 'python'
[5.630s] Level 1:colcon.colcon_core.package_identification:_identify(.) by extensions ['python_setup_py']
[5.630s] Level 1:colcon.colcon_core.package_identification:_identify(.) by extension 'python_setup_py'
[5.631s] Level 1:colcon.colcon_core.package_identification:_identify(build) by extensions ['ignore', 'ignore_ament_install']
[5.631s] Level 1:colcon.colcon_core.package_identification:_identify(build) by extension 'ignore'
[5.631s] Level 1:colcon.colcon_core.package_identification:_identify(build) ignored
[5.631s] Level 1:colcon.colcon_core.package_identification:_identify(install) by extensions ['ignore', 'ignore_ament_install']
[5.631s] Level 1:colcon.colcon_core.package_identification:_identify(install) by extension 'ignore'
[5.631s] Level 1:colcon.colcon_core.package_identification:_identify(install) ignored
[5.631s] Level 1:colcon.colcon_core.package_identification:_identify(log) by extensions ['ignore', 'ignore_ament_install']
[5.631s] Level 1:colcon.colcon_core.package_identification:_identify(log) by extension 'ignore'
[5.631s] Level 1:colcon.colcon_core.package_identification:_identify(log) ignored
[5.631s] Level 1:colcon.colcon_core.package_identification:_identify(src) by extensions ['ignore', 'ignore_ament_install']
[5.631s] Level 1:colcon.colcon_core.package_identification:_identify(src) by extension 'ignore'
[5.631s] Level 1:colcon.colcon_core.package_identification:_identify(src) by extension 'ignore_ament_install'
[5.631s] Level 1:colcon.colcon_core.package_identification:_identify(src) by extensions ['colcon_pkg']
[5.631s] Level 1:colcon.colcon_core.package_identification:_identify(src) by extension 'colcon_pkg'
[5.631s] Level 1:colcon.colcon_core.package_identification:_identify(src) by extensions ['colcon_meta']
[5.631s] Level 1:colcon.colcon_core.package_identification:_identify(src) by extension 'colcon_meta'
[5.631s] Level 1:colcon.colcon_core.package_identification:_identify(src) by extensions ['ros']
[5.631s] Level 1:colcon.colcon_core.package_identification:_identify(src) by extension 'ros'
[5.632s] Level 1:colcon.colcon_core.package_identification:_identify(src) by extensions ['cmake', 'python']
[5.632s] Level 1:colcon.colcon_core.package_identification:_identify(src) by extension 'cmake'
[5.632s] Level 1:colcon.colcon_core.package_identification:_identify(src) by extension 'python'
[5.632s] Level 1:colcon.colcon_core.package_identification:_identify(src) by extensions ['python_setup_py']
[5.632s] Level 1:colcon.colcon_core.package_identification:_identify(src) by extension 'python_setup_py'
[5.632s] Level 1:colcon.colcon_core.package_identification:_identify(src/cpp_pubsub) by extensions ['ignore', 'ignore_ament_install']
[5.632s] Level 1:colcon.colcon_core.package_identification:_identify(src/cpp_pubsub) by extension 'ignore'
[5.632s] Level 1:colcon.colcon_core.package_identification:_identify(src/cpp_pubsub) by extension 'ignore_ament_install'
[5.632s] Level 1:colcon.colcon_core.package_identification:_identify(src/cpp_pubsub) by extensions ['colcon_pkg']
[5.632s] Level 1:colcon.colcon_core.package_identification:_identify(src/cpp_pubsub) by extension 'colcon_pkg'
[5.632s] Level 1:colcon.colcon_core.package_identification:_identify(src/cpp_pubsub) by extensions ['colcon_meta']
[5.632s] Level 1:colcon.colcon_core.package_identification:_identify(src/cpp_pubsub) by extension 'colcon_meta'
[5.632s] Level 1:colcon.colcon_core.package_identification:_identify(src/cpp_pubsub) by extensions ['ros']
[5.632s] Level 1:colcon.colcon_core.package_identification:_identify(src/cpp_pubsub) by extension 'ros'
[5.674s] DEBUG:colcon.colcon_core.package_identification:Package 'src/cpp_pubsub' with type 'ros.ament_cmake' and name 'cpp_pubsub'
[5.674s] Level 1:colcon.colcon_core.package_discovery:discover_packages(recursive) using defaults
[5.674s] Level 1:colcon.colcon_core.package_discovery:discover_packages(ignore) discover
[5.674s] Level 1:colcon.colcon_core.package_discovery:discover_packages(ignore) using defaults
[5.674s] Level 1:colcon.colcon_core.package_discovery:discover_packages(path) discover
[5.674s] Level 1:colcon.colcon_core.package_discovery:discover_packages(path) using defaults
[6.009s] Level 1:colcon.colcon_core.package_discovery:discover_packages(prefix_path) check parameters
[6.009s] Level 1:colcon.colcon_core.package_discovery:discover_packages(prefix_path) discover
[6.049s] DEBUG:colcon.colcon_installed_package_information.package_discovery:Found 1 installed packages in /home/duel/ros2/install
[6.051s] DEBUG:colcon.colcon_installed_package_information.package_discovery:Found 270 installed packages in /opt/ros/humble
[6.064s] Level 1:colcon.colcon_core.package_discovery:discover_packages(prefix_path) using defaults
[6.162s] Level 5:colcon.colcon_core.verb:set package 'cpp_pubsub' build argument 'cmake_args' from command line to 'None'
[6.162s] Level 5:colcon.colcon_core.verb:set package 'cpp_pubsub' build argument 'cmake_target' from command line to 'None'
[6.162s] Level 5:colcon.colcon_core.verb:set package 'cpp_pubsub' build argument 'cmake_target_skip_unavailable' from command line to 'False'
[6.162s] Level 5:colcon.colcon_core.verb:set package 'cpp_pubsub' build argument 'cmake_clean_cache' from command line to 'False'
[6.162s] Level 5:colcon.colcon_core.verb:set package 'cpp_pubsub' build argument 'cmake_clean_first' from command line to 'False'
[6.162s] Level 5:colcon.colcon_core.verb:set package 'cpp_pubsub' build argument 'cmake_force_configure' from command line to 'False'
[6.162s] Level 5:colcon.colcon_core.verb:set package 'cpp_pubsub' build argument 'ament_cmake_args' from command line to 'None'
[6.162s] Level 5:colcon.colcon_core.verb:set package 'cpp_pubsub' build argument 'catkin_cmake_args' from command line to 'None'
[6.162s] Level 5:colcon.colcon_core.verb:set package 'cpp_pubsub' build argument 'catkin_skip_building_tests' from command line to 'False'
[6.162s] DEBUG:colcon.colcon_core.verb:Building package 'cpp_pubsub' with the following arguments: {'ament_cmake_args': None, 'build_base': '/home/duel/ros2/build/cpp_pubsub', 'catkin_cmake_args': None, 'catkin_skip_building_tests': False, 'cmake_args': None, 'cmake_clean_cache': False, 'cmake_clean_first': False, 'cmake_force_configure': False, 'cmake_target': None, 'cmake_target_skip_unavailable': False, 'install_base': '/home/duel/ros2/install/cpp_pubsub', 'merge_install': False, 'path': '/home/duel/ros2/src/cpp_pubsub', 'symlink_install': False, 'test_result_base': None}
[6.162s] INFO:colcon.colcon_core.executor:Executing jobs using 'parallel' executor
[6.163s] DEBUG:colcon.colcon_parallel_executor.executor.parallel:run_until_complete
[6.163s] INFO:colcon.colcon_ros.task.ament_cmake.build:Building ROS package in '/home/duel/ros2/src/cpp_pubsub' with build type 'ament_cmake'
[6.163s] INFO:colcon.colcon_cmake.task.cmake.build:Building CMake package in '/home/duel/ros2/src/cpp_pubsub'
[6.240s] INFO:colcon.colcon_core.plugin_system:Skipping extension 'colcon_core.shell.bat': Not used on non-Windows systems
[6.240s] INFO:colcon.colcon_core.shell:Skip shell extension 'powershell' for command environment: Not usable outside of PowerShell
[6.240s] DEBUG:colcon.colcon_core.shell:Skip shell extension 'dsv' for command environment
[6.273s] DEBUG:colcon.colcon_core.event_handler.log_command:Invoking command in '/home/duel/ros2/build/cpp_pubsub': CMAKE_PREFIX_PATH=${CMAKE_PREFIX_PATH}:/opt/ros/humble /usr/bin/cmake /home/duel/ros2/src/cpp_pubsub -DCMAKE_INSTALL_PREFIX=/home/duel/ros2/install/cpp_pubsub
[13.883s] DEBUG:colcon.colcon_core.event_handler.log_command:Invoked command in '/home/duel/ros2/build/cpp_pubsub' returned '0': CMAKE_PREFIX_PATH=${CMAKE_PREFIX_PATH}:/opt/ros/humble /usr/bin/cmake /home/duel/ros2/src/cpp_pubsub -DCMAKE_INSTALL_PREFIX=/home/duel/ros2/install/cpp_pubsub
[13.885s] DEBUG:colcon.colcon_core.event_handler.log_command:Invoking command in '/home/duel/ros2/build/cpp_pubsub': CMAKE_PREFIX_PATH=${CMAKE_PREFIX_PATH}:/opt/ros/humble /usr/bin/cmake --build /home/duel/ros2/build/cpp_pubsub -- -j12 -l12
[13.924s] DEBUG:colcon.colcon_core.event_handler.log_command:Invoked command in '/home/duel/ros2/build/cpp_pubsub' returned '0': CMAKE_PREFIX_PATH=${CMAKE_PREFIX_PATH}:/opt/ros/humble /usr/bin/cmake --build /home/duel/ros2/build/cpp_pubsub -- -j12 -l12
[13.935s] DEBUG:colcon.colcon_core.event_handler.log_command:Invoking command in '/home/duel/ros2/build/cpp_pubsub': CMAKE_PREFIX_PATH=${CMAKE_PREFIX_PATH}:/opt/ros/humble /usr/bin/cmake --install /home/duel/ros2/build/cpp_pubsub
[13.945s] Level 1:colcon.colcon_core.environment:create_environment_scripts_only(cpp_pubsub)
[13.946s] DEBUG:colcon.colcon_core.event_handler.log_command:Invoked command in '/home/duel/ros2/build/cpp_pubsub' returned '0': CMAKE_PREFIX_PATH=${CMAKE_PREFIX_PATH}:/opt/ros/humble /usr/bin/cmake --install /home/duel/ros2/build/cpp_pubsub
[14.083s] Level 1:colcon.colcon_core.environment:checking '/home/duel/ros2/install/cpp_pubsub' for CMake module files
[14.083s] Level 1:colcon.colcon_core.environment:checking '/home/duel/ros2/install/cpp_pubsub' for CMake config files
[14.083s] Level 1:colcon.colcon_core.shell:create_environment_hook('cpp_pubsub', 'cmake_prefix_path')
[14.084s] INFO:colcon.colcon_core.shell:Creating environment hook '/home/duel/ros2/install/cpp_pubsub/share/cpp_pubsub/hook/cmake_prefix_path.ps1'
[14.111s] INFO:colcon.colcon_core.shell:Creating environment descriptor '/home/duel/ros2/install/cpp_pubsub/share/cpp_pubsub/hook/cmake_prefix_path.dsv'
[14.132s] INFO:colcon.colcon_core.shell:Creating environment hook '/home/duel/ros2/install/cpp_pubsub/share/cpp_pubsub/hook/cmake_prefix_path.sh'
[14.133s] Level 1:colcon.colcon_core.environment:checking '/home/duel/ros2/install/cpp_pubsub/bin'
[14.133s] Level 1:colcon.colcon_core.environment:checking '/home/duel/ros2/install/cpp_pubsub/lib/pkgconfig/cpp_pubsub.pc'
[14.134s] Level 1:colcon.colcon_core.environment:checking '/home/duel/ros2/install/cpp_pubsub/lib/python3.10/site-packages'
[14.134s] Level 1:colcon.colcon_core.environment:checking '/home/duel/ros2/install/cpp_pubsub/bin'
[14.134s] INFO:colcon.colcon_core.shell:Creating package script '/home/duel/ros2/install/cpp_pubsub/share/cpp_pubsub/package.ps1'
[14.136s] INFO:colcon.colcon_core.shell:Creating package descriptor '/home/duel/ros2/install/cpp_pubsub/share/cpp_pubsub/package.dsv'
[14.137s] INFO:colcon.colcon_core.shell:Creating package script '/home/duel/ros2/install/cpp_pubsub/share/cpp_pubsub/package.sh'
[14.139s] INFO:colcon.colcon_core.shell:Creating package script '/home/duel/ros2/install/cpp_pubsub/share/cpp_pubsub/package.bash'
[14.141s] INFO:colcon.colcon_core.shell:Creating package script '/home/duel/ros2/install/cpp_pubsub/share/cpp_pubsub/package.zsh'
[14.155s] Level 1:colcon.colcon_core.environment:create_file_with_runtime_dependencies(/home/duel/ros2/install/cpp_pubsub/share/colcon-core/packages/cpp_pubsub)
[14.156s] Level 1:colcon.colcon_core.environment:create_environment_scripts_only(cpp_pubsub)
[14.156s] Level 1:colcon.colcon_core.environment:checking '/home/duel/ros2/install/cpp_pubsub' for CMake module files
[14.156s] Level 1:colcon.colcon_core.environment:checking '/home/duel/ros2/install/cpp_pubsub' for CMake config files
[14.156s] Level 1:colcon.colcon_core.shell:create_environment_hook('cpp_pubsub', 'cmake_prefix_path')
[14.157s] INFO:colcon.colcon_core.shell:Creating environment hook '/home/duel/ros2/install/cpp_pubsub/share/cpp_pubsub/hook/cmake_prefix_path.ps1'
[14.157s] INFO:colcon.colcon_core.shell:Creating environment descriptor '/home/duel/ros2/install/cpp_pubsub/share/cpp_pubsub/hook/cmake_prefix_path.dsv'
[14.157s] INFO:colcon.colcon_core.shell:Creating environment hook '/home/duel/ros2/install/cpp_pubsub/share/cpp_pubsub/hook/cmake_prefix_path.sh'
[14.158s] Level 1:colcon.colcon_core.environment:checking '/home/duel/ros2/install/cpp_pubsub/bin'
[14.158s] Level 1:colcon.colcon_core.environment:checking '/home/duel/ros2/install/cpp_pubsub/lib/pkgconfig/cpp_pubsub.pc'
[14.158s] Level 1:colcon.colcon_core.environment:checking '/home/duel/ros2/install/cpp_pubsub/lib/python3.10/site-packages'
[14.158s] Level 1:colcon.colcon_core.environment:checking '/home/duel/ros2/install/cpp_pubsub/bin'
[14.158s] INFO:colcon.colcon_core.shell:Creating package script '/home/duel/ros2/install/cpp_pubsub/share/cpp_pubsub/package.ps1'
[14.159s] INFO:colcon.colcon_core.shell:Creating package descriptor '/home/duel/ros2/install/cpp_pubsub/share/cpp_pubsub/package.dsv'
[14.159s] INFO:colcon.colcon_core.shell:Creating package script '/home/duel/ros2/install/cpp_pubsub/share/cpp_pubsub/package.sh'
[14.160s] INFO:colcon.colcon_core.shell:Creating package script '/home/duel/ros2/install/cpp_pubsub/share/cpp_pubsub/package.bash'
[14.160s] INFO:colcon.colcon_core.shell:Creating package script '/home/duel/ros2/install/cpp_pubsub/share/cpp_pubsub/package.zsh'
[14.160s] Level 1:colcon.colcon_core.environment:create_file_with_runtime_dependencies(/home/duel/ros2/install/cpp_pubsub/share/colcon-core/packages/cpp_pubsub)
[14.161s] DEBUG:colcon.colcon_parallel_executor.executor.parallel:closing loop
[14.161s] DEBUG:colcon.colcon_parallel_executor.executor.parallel:loop closed
[14.161s] DEBUG:colcon.colcon_parallel_executor.executor.parallel:run_until_complete finished with '0'
[14.161s] DEBUG:colcon.colcon_core.event_reactor:joining thread
[14.169s] INFO:colcon.colcon_core.plugin_system:Skipping extension 'colcon_notification.desktop_notification.terminal_notifier': Not used on non-Darwin systems
[14.169s] INFO:colcon.colcon_core.plugin_system:Skipping extension 'colcon_notification.desktop_notification.win32': Not used on non-Windows systems
[14.169s] INFO:colcon.colcon_notification.desktop_notification:Sending desktop notification using 'notify2'
[14.183s] DEBUG:colcon.colcon_core.event_reactor:joined thread
[14.183s] INFO:colcon.colcon_core.shell:Creating prefix script '/home/duel/ros2/install/local_setup.ps1'
[14.193s] INFO:colcon.colcon_core.shell:Creating prefix util module '/home/duel/ros2/install/_local_setup_util_ps1.py'
[14.216s] INFO:colcon.colcon_core.shell:Creating prefix chain script '/home/duel/ros2/install/setup.ps1'
[14.217s] INFO:colcon.colcon_core.shell:Creating prefix script '/home/duel/ros2/install/local_setup.sh'
[14.219s] INFO:colcon.colcon_core.shell:Creating prefix util module '/home/duel/ros2/install/_local_setup_util_sh.py'
[14.219s] INFO:colcon.colcon_core.shell:Creating prefix chain script '/home/duel/ros2/install/setup.sh'
[14.220s] INFO:colcon.colcon_core.shell:Creating prefix script '/home/duel/ros2/install/local_setup.bash'
[14.221s] INFO:colcon.colcon_core.shell:Creating prefix chain script '/home/duel/ros2/install/setup.bash'
[14.223s] INFO:colcon.colcon_core.shell:Creating prefix script '/home/duel/ros2/install/local_setup.zsh'
[14.223s] INFO:colcon.colcon_core.shell:Creating prefix chain script '/home/duel/ros2/install/setup.zsh'
