[0.010s] Invoking command in '/home/duel/ros2/build/my_robot_controller': CMAKE_PREFIX_PATH=/opt/ros/humble /usr/bin/cmake --build /home/duel/ros2/build/my_robot_controller -- -j12 -l12
[0.050s] Invoked command in '/home/duel/ros2/build/my_robot_controller' returned '0': CMAKE_PREFIX_PATH=/opt/ros/humble /usr/bin/cmake --build /home/duel/ros2/build/my_robot_controller -- -j12 -l12
[0.060s] Invoking command in '/home/duel/ros2/build/my_robot_controller': CMAKE_PREFIX_PATH=/opt/ros/humble /usr/bin/cmake --install /home/duel/ros2/build/my_robot_controller
[0.066s] -- Install configuration: ""
[0.066s] -- Up-to-date: /home/duel/ros2/install/my_robot_controller/share/ament_index/resource_index/package_run_dependencies/my_robot_controller
[0.066s] -- Up-to-date: /home/duel/ros2/install/my_robot_controller/share/ament_index/resource_index/parent_prefix_path/my_robot_controller
[0.066s] -- Up-to-date: /home/duel/ros2/install/my_robot_controller/share/my_robot_controller/environment/ament_prefix_path.sh
[0.067s] -- Up-to-date: /home/duel/ros2/install/my_robot_controller/share/my_robot_controller/environment/ament_prefix_path.dsv
[0.067s] -- Up-to-date: /home/duel/ros2/install/my_robot_controller/share/my_robot_controller/environment/path.sh
[0.067s] -- Up-to-date: /home/duel/ros2/install/my_robot_controller/share/my_robot_controller/environment/path.dsv
[0.067s] -- Up-to-date: /home/duel/ros2/install/my_robot_controller/share/my_robot_controller/local_setup.bash
[0.067s] -- Up-to-date: /home/duel/ros2/install/my_robot_controller/share/my_robot_controller/local_setup.sh
[0.067s] -- Up-to-date: /home/duel/ros2/install/my_robot_controller/share/my_robot_controller/local_setup.zsh
[0.067s] -- Up-to-date: /home/duel/ros2/install/my_robot_controller/share/my_robot_controller/local_setup.dsv
[0.067s] -- Up-to-date: /home/duel/ros2/install/my_robot_controller/share/my_robot_controller/package.dsv
[0.067s] -- Up-to-date: /home/duel/ros2/install/my_robot_controller/share/ament_index/resource_index/packages/my_robot_controller
[0.067s] -- Up-to-date: /home/duel/ros2/install/my_robot_controller/share/my_robot_controller/cmake/my_robot_controllerConfig.cmake
[0.067s] -- Up-to-date: /home/duel/ros2/install/my_robot_controller/share/my_robot_controller/cmake/my_robot_controllerConfig-version.cmake
[0.067s] -- Up-to-date: /home/duel/ros2/install/my_robot_controller/share/my_robot_controller/package.xml
[0.069s] Invoked command in '/home/duel/ros2/build/my_robot_controller' returned '0': CMAKE_PREFIX_PATH=/opt/ros/humble /usr/bin/cmake --install /home/duel/ros2/build/my_robot_controller
