[0.157s] Invoking command in '/home/duel/ros2/build/cpp_srvcli': CMAKE_PREFIX_PATH=${CMAKE_PREFIX_PATH}:/opt/ros/humble /usr/bin/cmake --build /home/duel/ros2/build/cpp_srvcli -- -j12 -l12
[1.683s] -- Found ament_cmake: 1.3.11 (/opt/ros/humble/share/ament_cmake/cmake)
[2.290s] -- Found rclcpp: 16.0.11 (/opt/ros/humble/share/rclcpp/cmake)
[2.584s] -- Found rosidl_generator_c: 3.1.6 (/opt/ros/humble/share/rosidl_generator_c/cmake)
[2.630s] -- Found rosidl_adapter: 3.1.6 (/opt/ros/humble/share/rosidl_adapter/cmake)
[2.675s] -- Found rosidl_generator_cpp: 3.1.6 (/opt/ros/humble/share/rosidl_generator_cpp/cmake)
[2.804s] -- Using all available rosidl_typesupport_c: rosidl_typesupport_fastrtps_c;rosidl_typesupport_introspection_c
[2.874s] -- Using all available rosidl_typesupport_cpp: rosidl_typesupport_fastrtps_cpp;rosidl_typesupport_introspection_cpp
[3.160s] -- Found rmw_implementation_cmake: 6.1.2 (/opt/ros/humble/share/rmw_implementation_cmake/cmake)
[3.197s] -- Found rmw_fastrtps_cpp: 6.2.7 (/opt/ros/humble/share/rmw_fastrtps_cpp/cmake)
[3.538s] -- Using RMW implementation 'rmw_fastrtps_cpp' as default
[3.875s] -- Found example_interfaces: 0.9.3 (/opt/ros/humble/share/example_interfaces/cmake)
[4.006s] -- Found ament_lint_auto: 0.12.11 (/opt/ros/humble/share/ament_lint_auto/cmake)
[4.278s] -- Added test 'cppcheck' to perform static code analysis on C / C++ code
[4.278s] -- Configured cppcheck include dirs: 
[4.278s] -- Configured cppcheck exclude dirs and/or files: 
[4.280s] -- Added test 'lint_cmake' to check CMake code style
[4.283s] -- Added test 'uncrustify' to check C / C++ code style
[4.283s] -- Configured uncrustify additional arguments: 
[4.284s] -- Added test 'xmllint' to check XML markup files
[4.288s] -- Configuring done
[4.314s] [31mCMake Error at CMakeLists.txt:16 (add_executable):
[4.314s]   Cannot find source file:
[4.315s] 
[4.315s]     src/add_two_int_client.cpp
[4.315s] 
[4.315s]   Tried extensions .c .C .c++ .cc .cpp .cxx .cu .mpp .m .M .mm .ixx .cppm .h
[4.315s]   .hh .h++ .hm .hpp .hxx .in .txx .f .F .for .f77 .f90 .f95 .f03 .hip .ispc
[4.315s] 
[4.315s] [0m
[4.315s] [31mCMake Error at CMakeLists.txt:16 (add_executable):
[4.315s]   No SOURCES given to target: client
[4.315s] 
[4.315s] [0m
[4.315s] [0mCMake Generate step failed.  Build files cannot be regenerated correctly.[0m
[4.376s] gmake: *** [Makefile:267: cmake_check_build_system] Error 1
[4.379s] Invoked command in '/home/duel/ros2/build/cpp_srvcli' returned '2': CMAKE_PREFIX_PATH=${CMAKE_PREFIX_PATH}:/opt/ros/humble /usr/bin/cmake --build /home/duel/ros2/build/cpp_srvcli -- -j12 -l12
