[0.010s] Invoking command in '/home/duel/ros2/build/cpp_pubsub': CMAKE_PREFIX_PATH=${CMAKE_PREFIX_PATH}:/opt/ros/humble /usr/bin/cmake --build /home/duel/ros2/build/cpp_pubsub -- -j12 -l12
[0.033s] -- Found ament_cmake: 1.3.11 (/opt/ros/humble/share/ament_cmake/cmake)
[0.139s] -- Found rclcpp: 16.0.11 (/opt/ros/humble/share/rclcpp/cmake)
[0.163s] -- Found rosidl_generator_c: 3.1.6 (/opt/ros/humble/share/rosidl_generator_c/cmake)
[0.166s] -- Found rosidl_adapter: 3.1.6 (/opt/ros/humble/share/rosidl_adapter/cmake)
[0.170s] -- Found rosidl_generator_cpp: 3.1.6 (/opt/ros/humble/share/rosidl_generator_cpp/cmake)
[0.178s] -- Using all available rosidl_typesupport_c: rosidl_typesupport_fastrtps_c;rosidl_typesupport_introspection_c
[0.188s] -- Using all available rosidl_typesupport_cpp: rosidl_typesupport_fastrtps_cpp;rosidl_typesupport_introspection_cpp
[0.214s] -- Found rmw_implementation_cmake: 6.1.2 (/opt/ros/humble/share/rmw_implementation_cmake/cmake)
[0.215s] -- Found rmw_fastrtps_cpp: 6.2.7 (/opt/ros/humble/share/rmw_fastrtps_cpp/cmake)
[0.311s] -- Using RMW implementation 'rmw_fastrtps_cpp' as default
[0.351s] -- Found ament_lint_auto: 0.12.11 (/opt/ros/humble/share/ament_lint_auto/cmake)
[0.408s] -- Added test 'cppcheck' to perform static code analysis on C / C++ code
[0.408s] -- Configured cppcheck include dirs: 
[0.408s] -- Configured cppcheck exclude dirs and/or files: 
[0.408s] -- Added test 'lint_cmake' to check CMake code style
[0.409s] -- Added test 'uncrustify' to check C / C++ code style
[0.409s] -- Configured uncrustify additional arguments: 
[0.409s] -- Added test 'xmllint' to check XML markup files
[0.410s] -- Configuring done
[0.412s] [31mCMake Error at CMakeLists.txt:13 (add_executable):
[0.413s]   Cannot find source file:
[0.413s] 
[0.413s]     src/publisher_member_function.cpp
[0.413s] 
[0.413s]   Tried extensions .c .C .c++ .cc .cpp .cxx .cu .mpp .m .M .mm .ixx .cppm .h
[0.413s]   .hh .h++ .hm .hpp .hxx .in .txx .f .F .for .f77 .f90 .f95 .f03 .hip .ispc
[0.413s] 
[0.413s] [0m
[0.413s] [31mCMake Error at CMakeLists.txt:13 (add_executable):
[0.413s]   No SOURCES given to target: talker
[0.413s] 
[0.413s] [0m
[0.413s] [0mCMake Generate step failed.  Build files cannot be regenerated correctly.[0m
[0.419s] gmake: *** [Makefile:226: cmake_check_build_system] Error 1
[0.422s] Invoked command in '/home/duel/ros2/build/cpp_pubsub' returned '2': CMAKE_PREFIX_PATH=${CMAKE_PREFIX_PATH}:/opt/ros/humble /usr/bin/cmake --build /home/duel/ros2/build/cpp_pubsub -- -j12 -l12
