[0.010s] Invoking command in '/home/duel/ros2/build/more_interfaces': /usr/bin/cmake /home/duel/ros2/more_interfaces -DCMAKE_INSTALL_PREFIX=/home/duel/ros2/install/more_interfaces
[0.524s] -- The C compiler identification is GNU 9.5.0
[0.690s] -- The CXX compiler identification is GNU 9.5.0
[0.737s] -- Detecting C compiler ABI info
[0.912s] -- Detecting C compiler ABI info - done
[0.918s] -- Check for working C compiler: /usr/bin/cc - skipped
[0.919s] -- Detecting C compile features
[0.948s] -- Detecting C compile features - done
[0.951s] -- Detecting CXX compiler ABI info
[1.026s] -- Detecting CXX compiler ABI info - done
[1.032s] -- Check for working CXX compiler: /usr/bin/c++ - skipped
[1.032s] -- Detecting CXX compile features
[1.033s] -- Detecting CXX compile features - done
[1.068s] -- Found ament_cmake: 1.3.11 (/opt/ros/humble/share/ament_cmake/cmake)
[1.226s] -- Found Python3: /usr/bin/python3 (found version "3.10.12") found components: Interpreter 
[1.339s] -- Found rclcpp: 16.0.11 (/opt/ros/humble/share/rclcpp/cmake)
[1.402s] -- Found rosidl_generator_c: 3.1.6 (/opt/ros/humble/share/rosidl_generator_c/cmake)
[1.409s] -- Found rosidl_adapter: 3.1.6 (/opt/ros/humble/share/rosidl_adapter/cmake)
[1.417s] -- Found rosidl_generator_cpp: 3.1.6 (/opt/ros/humble/share/rosidl_generator_cpp/cmake)
[1.429s] -- Using all available rosidl_typesupport_c: rosidl_typesupport_fastrtps_c;rosidl_typesupport_introspection_c
[1.445s] -- Using all available rosidl_typesupport_cpp: rosidl_typesupport_fastrtps_cpp;rosidl_typesupport_introspection_cpp
[1.493s] -- Found rmw_implementation_cmake: 6.1.2 (/opt/ros/humble/share/rmw_implementation_cmake/cmake)
[1.495s] -- Found rmw_fastrtps_cpp: 6.2.7 (/opt/ros/humble/share/rmw_fastrtps_cpp/cmake)
[1.685s] -- Found OpenSSL: /usr/lib/x86_64-linux-gnu/libcrypto.so (found version "3.0.2")  
[1.711s] -- Found FastRTPS: /opt/ros/humble/include  
[1.752s] -- Using RMW implementation 'rmw_fastrtps_cpp' as default
[1.770s] -- Looking for pthread.h
[1.882s] -- Looking for pthread.h - found
[1.882s] -- Performing Test CMAKE_HAVE_LIBC_PTHREAD
[1.981s] -- Performing Test CMAKE_HAVE_LIBC_PTHREAD - Success
[1.982s] -- Found Threads: TRUE  
[2.065s] -- Found rosidl_default_generators: 1.2.0 (/opt/ros/humble/share/rosidl_default_generators/cmake)
[2.085s] [31mCMake Error at /opt/ros/humble/share/rosidl_cmake/cmake/rosidl_get_typesupport_target.cmake:29 (message):
[2.085s]   more_interfaces is not a CMake target.  Maybe rosidl_generate_interfaces
[2.085s]   was given a different target name?
[2.085s] Call Stack (most recent call first):
[2.085s]   CMakeLists.txt:16 (rosidl_get_typesupport_target)
[2.085s] 
[2.085s] [0m
[2.085s] -- Configuring incomplete, errors occurred!
[2.085s] See also "/home/duel/ros2/build/more_interfaces/CMakeFiles/CMakeOutput.log".
[2.093s] Invoked command in '/home/duel/ros2/build/more_interfaces' returned '1': /usr/bin/cmake /home/duel/ros2/more_interfaces -DCMAKE_INSTALL_PREFIX=/home/duel/ros2/install/more_interfaces
