[0.012s] Invoking command in '/home/duel/ros2/build/cpp_srvcli': CMAKE_PREFIX_PATH=${CMAKE_PREFIX_PATH}:/opt/ros/humble /usr/bin/cmake --build /home/duel/ros2/build/cpp_srvcli -- -j12 -l12
[0.052s] [35m[1mConsolidate compiler generated dependencies of target server[0m
[0.069s] [ 50%] [32mBuilding CXX object CMakeFiles/server.dir/src/add_two_ints_server.cpp.o[0m
[2.948s] [100%] [32m[1mLinking CXX executable server[0m
[4.640s] [100%] Built target server
[4.652s] Invoked command in '/home/duel/ros2/build/cpp_srvcli' returned '0': CMAKE_PREFIX_PATH=${CMAKE_PREFIX_PATH}:/opt/ros/humble /usr/bin/cmake --build /home/duel/ros2/build/cpp_srvcli -- -j12 -l12
[4.662s] Invoking command in '/home/duel/ros2/build/cpp_srvcli': CMAKE_PREFIX_PATH=${CMAKE_PREFIX_PATH}:/opt/ros/humble /usr/bin/cmake --install /home/duel/ros2/build/cpp_srvcli
[4.670s] -- Install configuration: ""
[4.670s] -- Installing: /home/duel/ros2/install/cpp_srvcli/lib/cpp_srvcli/server
[4.671s] -- Set runtime path of "/home/duel/ros2/install/cpp_srvcli/lib/cpp_srvcli/server" to ""
[4.671s] -- Installing: /home/duel/ros2/install/cpp_srvcli/share/ament_index/resource_index/package_run_dependencies/cpp_srvcli
[4.671s] -- Installing: /home/duel/ros2/install/cpp_srvcli/share/ament_index/resource_index/parent_prefix_path/cpp_srvcli
[4.671s] -- Installing: /home/duel/ros2/install/cpp_srvcli/share/cpp_srvcli/environment/ament_prefix_path.sh
[4.671s] -- Installing: /home/duel/ros2/install/cpp_srvcli/share/cpp_srvcli/environment/ament_prefix_path.dsv
[4.671s] -- Installing: /home/duel/ros2/install/cpp_srvcli/share/cpp_srvcli/environment/path.sh
[4.672s] -- Installing: /home/duel/ros2/install/cpp_srvcli/share/cpp_srvcli/environment/path.dsv
[4.672s] -- Installing: /home/duel/ros2/install/cpp_srvcli/share/cpp_srvcli/local_setup.bash
[4.672s] -- Installing: /home/duel/ros2/install/cpp_srvcli/share/cpp_srvcli/local_setup.sh
[4.672s] -- Installing: /home/duel/ros2/install/cpp_srvcli/share/cpp_srvcli/local_setup.zsh
[4.672s] -- Installing: /home/duel/ros2/install/cpp_srvcli/share/cpp_srvcli/local_setup.dsv
[4.673s] -- Installing: /home/duel/ros2/install/cpp_srvcli/share/cpp_srvcli/package.dsv
[4.673s] -- Installing: /home/duel/ros2/install/cpp_srvcli/share/ament_index/resource_index/packages/cpp_srvcli
[4.673s] -- Installing: /home/duel/ros2/install/cpp_srvcli/share/cpp_srvcli/cmake/cpp_srvcliConfig.cmake
[4.674s] -- Installing: /home/duel/ros2/install/cpp_srvcli/share/cpp_srvcli/cmake/cpp_srvcliConfig-version.cmake
[4.674s] -- Installing: /home/duel/ros2/install/cpp_srvcli/share/cpp_srvcli/package.xml
[4.676s] Invoked command in '/home/duel/ros2/build/cpp_srvcli' returned '0': CMAKE_PREFIX_PATH=${CMAKE_PREFIX_PATH}:/opt/ros/humble /usr/bin/cmake --install /home/duel/ros2/build/cpp_srvcli
