[0.010s] Invoking command in '/home/duel/ros2/build/cpp_pubsub': CMAKE_PREFIX_PATH=${CMAKE_PREFIX_PATH}:/opt/ros/humble /usr/bin/cmake --build /home/duel/ros2/build/cpp_pubsub -- -j12 -l12
[0.050s] [35m[1mConsolidate compiler generated dependencies of target listener[0m
[0.063s] [ 50%] Built target talker
[0.066s] [ 75%] [32mBuilding CXX object CMakeFiles/listener.dir/src/subscriber_member_function.cpp.o[0m
[6.168s] [100%] [32m[1mLinking CXX executable listener[0m
[6.525s] [100%] Built target listener
[6.547s] Invoked command in '/home/duel/ros2/build/cpp_pubsub' returned '0': CMAKE_PREFIX_PATH=${CMAKE_PREFIX_PATH}:/opt/ros/humble /usr/bin/cmake --build /home/duel/ros2/build/cpp_pubsub -- -j12 -l12
[6.557s] Invoking command in '/home/duel/ros2/build/cpp_pubsub': CMAKE_PREFIX_PATH=${CMAKE_PREFIX_PATH}:/opt/ros/humble /usr/bin/cmake --install /home/duel/ros2/build/cpp_pubsub
[6.564s] -- Install configuration: ""
[6.564s] -- Up-to-date: /home/duel/ros2/install/cpp_pubsub/lib/cpp_pubsub/talker
[6.564s] -- Up-to-date: /home/duel/ros2/install/cpp_pubsub/share/ament_index/resource_index/package_run_dependencies/cpp_pubsub
[6.564s] -- Up-to-date: /home/duel/ros2/install/cpp_pubsub/share/ament_index/resource_index/parent_prefix_path/cpp_pubsub
[6.564s] -- Up-to-date: /home/duel/ros2/install/cpp_pubsub/share/cpp_pubsub/environment/ament_prefix_path.sh
[6.564s] -- Installing: /home/duel/ros2/install/cpp_pubsub/share/cpp_pubsub/environment/ament_prefix_path.dsv
[6.564s] -- Up-to-date: /home/duel/ros2/install/cpp_pubsub/share/cpp_pubsub/environment/path.sh
[6.565s] -- Installing: /home/duel/ros2/install/cpp_pubsub/share/cpp_pubsub/environment/path.dsv
[6.565s] -- Up-to-date: /home/duel/ros2/install/cpp_pubsub/share/cpp_pubsub/local_setup.bash
[6.565s] -- Up-to-date: /home/duel/ros2/install/cpp_pubsub/share/cpp_pubsub/local_setup.sh
[6.565s] -- Up-to-date: /home/duel/ros2/install/cpp_pubsub/share/cpp_pubsub/local_setup.zsh
[6.565s] -- Installing: /home/duel/ros2/install/cpp_pubsub/share/cpp_pubsub/local_setup.dsv
[6.565s] -- Installing: /home/duel/ros2/install/cpp_pubsub/share/cpp_pubsub/package.dsv
[6.565s] -- Up-to-date: /home/duel/ros2/install/cpp_pubsub/share/ament_index/resource_index/packages/cpp_pubsub
[6.565s] -- Up-to-date: /home/duel/ros2/install/cpp_pubsub/share/cpp_pubsub/cmake/cpp_pubsubConfig.cmake
[6.565s] -- Up-to-date: /home/duel/ros2/install/cpp_pubsub/share/cpp_pubsub/cmake/cpp_pubsubConfig-version.cmake
[6.565s] -- Up-to-date: /home/duel/ros2/install/cpp_pubsub/share/cpp_pubsub/package.xml
[6.567s] Invoked command in '/home/duel/ros2/build/cpp_pubsub' returned '0': CMAKE_PREFIX_PATH=${CMAKE_PREFIX_PATH}:/opt/ros/humble /usr/bin/cmake --install /home/duel/ros2/build/cpp_pubsub
