[0.011s] Invoking command in '/home/duel/ros2/build/cpp_srvcli': CMAKE_PREFIX_PATH=${CMAKE_PREFIX_PATH}:/opt/ros/humble /usr/bin/cmake --build /home/duel/ros2/build/cpp_srvcli -- -j12 -l12
[0.055s] [35m[1mConsolidate compiler generated dependencies of target server[0m
[0.072s] [100%] Built target server
[0.085s] Invoked command in '/home/duel/ros2/build/cpp_srvcli' returned '0': CMAKE_PREFIX_PATH=${CMAKE_PREFIX_PATH}:/opt/ros/humble /usr/bin/cmake --build /home/duel/ros2/build/cpp_srvcli -- -j12 -l12
[0.095s] Invoking command in '/home/duel/ros2/build/cpp_srvcli': CMAKE_PREFIX_PATH=${CMAKE_PREFIX_PATH}:/opt/ros/humble /usr/bin/cmake --install /home/duel/ros2/build/cpp_srvcli
[0.102s] -- Install configuration: ""
[0.102s] -- Up-to-date: /home/duel/ros2/install/cpp_srvcli/lib/cpp_srvcli/server
[0.103s] -- Up-to-date: /home/duel/ros2/install/cpp_srvcli/share/ament_index/resource_index/package_run_dependencies/cpp_srvcli
[0.103s] -- Up-to-date: /home/duel/ros2/install/cpp_srvcli/share/ament_index/resource_index/parent_prefix_path/cpp_srvcli
[0.103s] -- Up-to-date: /home/duel/ros2/install/cpp_srvcli/share/cpp_srvcli/environment/ament_prefix_path.sh
[0.103s] -- Up-to-date: /home/duel/ros2/install/cpp_srvcli/share/cpp_srvcli/environment/ament_prefix_path.dsv
[0.103s] -- Up-to-date: /home/duel/ros2/install/cpp_srvcli/share/cpp_srvcli/environment/path.sh
[0.103s] -- Up-to-date: /home/duel/ros2/install/cpp_srvcli/share/cpp_srvcli/environment/path.dsv
[0.103s] -- Up-to-date: /home/duel/ros2/install/cpp_srvcli/share/cpp_srvcli/local_setup.bash
[0.103s] -- Up-to-date: /home/duel/ros2/install/cpp_srvcli/share/cpp_srvcli/local_setup.sh
[0.103s] -- Up-to-date: /home/duel/ros2/install/cpp_srvcli/share/cpp_srvcli/local_setup.zsh
[0.103s] -- Up-to-date: /home/duel/ros2/install/cpp_srvcli/share/cpp_srvcli/local_setup.dsv
[0.103s] -- Installing: /home/duel/ros2/install/cpp_srvcli/share/cpp_srvcli/package.dsv
[0.104s] -- Up-to-date: /home/duel/ros2/install/cpp_srvcli/share/ament_index/resource_index/packages/cpp_srvcli
[0.104s] -- Up-to-date: /home/duel/ros2/install/cpp_srvcli/share/cpp_srvcli/cmake/cpp_srvcliConfig.cmake
[0.104s] -- Up-to-date: /home/duel/ros2/install/cpp_srvcli/share/cpp_srvcli/cmake/cpp_srvcliConfig-version.cmake
[0.104s] -- Up-to-date: /home/duel/ros2/install/cpp_srvcli/share/cpp_srvcli/package.xml
[0.105s] Invoked command in '/home/duel/ros2/build/cpp_srvcli' returned '0': CMAKE_PREFIX_PATH=${CMAKE_PREFIX_PATH}:/opt/ros/humble /usr/bin/cmake --install /home/duel/ros2/build/cpp_srvcli
