[0.010s] Invoking command in '/home/duel/ros2/build/cpp_pubsub': CMAKE_PREFIX_PATH=${CMAKE_PREFIX_PATH}:/opt/ros/humble /usr/bin/cmake --build /home/duel/ros2/build/cpp_pubsub -- -j12 -l12
[0.049s] Invoked command in '/home/duel/ros2/build/cpp_pubsub' returned '0': CMAKE_PREFIX_PATH=${CMAKE_PREFIX_PATH}:/opt/ros/humble /usr/bin/cmake --build /home/duel/ros2/build/cpp_pubsub -- -j12 -l12
[0.060s] Invoking command in '/home/duel/ros2/build/cpp_pubsub': CMAKE_PREFIX_PATH=${CMAKE_PREFIX_PATH}:/opt/ros/humble /usr/bin/cmake --install /home/duel/ros2/build/cpp_pubsub
[0.067s] -- Install configuration: ""
[0.067s] -- Up-to-date: /home/duel/ros2/install/cpp_pubsub/share/ament_index/resource_index/package_run_dependencies/cpp_pubsub
[0.067s] -- Up-to-date: /home/duel/ros2/install/cpp_pubsub/share/ament_index/resource_index/parent_prefix_path/cpp_pubsub
[0.067s] -- Up-to-date: /home/duel/ros2/install/cpp_pubsub/share/cpp_pubsub/environment/ament_prefix_path.sh
[0.067s] -- Up-to-date: /home/duel/ros2/install/cpp_pubsub/share/cpp_pubsub/environment/ament_prefix_path.dsv
[0.067s] -- Up-to-date: /home/duel/ros2/install/cpp_pubsub/share/cpp_pubsub/environment/path.sh
[0.067s] -- Up-to-date: /home/duel/ros2/install/cpp_pubsub/share/cpp_pubsub/environment/path.dsv
[0.067s] -- Up-to-date: /home/duel/ros2/install/cpp_pubsub/share/cpp_pubsub/local_setup.bash
[0.067s] -- Up-to-date: /home/duel/ros2/install/cpp_pubsub/share/cpp_pubsub/local_setup.sh
[0.067s] -- Up-to-date: /home/duel/ros2/install/cpp_pubsub/share/cpp_pubsub/local_setup.zsh
[0.067s] -- Up-to-date: /home/duel/ros2/install/cpp_pubsub/share/cpp_pubsub/local_setup.dsv
[0.067s] -- Installing: /home/duel/ros2/install/cpp_pubsub/share/cpp_pubsub/package.dsv
[0.067s] -- Up-to-date: /home/duel/ros2/install/cpp_pubsub/share/ament_index/resource_index/packages/cpp_pubsub
[0.068s] -- Up-to-date: /home/duel/ros2/install/cpp_pubsub/share/cpp_pubsub/cmake/cpp_pubsubConfig.cmake
[0.068s] -- Up-to-date: /home/duel/ros2/install/cpp_pubsub/share/cpp_pubsub/cmake/cpp_pubsubConfig-version.cmake
[0.068s] -- Up-to-date: /home/duel/ros2/install/cpp_pubsub/share/cpp_pubsub/package.xml
[0.069s] Invoked command in '/home/duel/ros2/build/cpp_pubsub' returned '0': CMAKE_PREFIX_PATH=${CMAKE_PREFIX_PATH}:/opt/ros/humble /usr/bin/cmake --install /home/duel/ros2/build/cpp_pubsub
