[0.010s] Invoking command in '/home/duel/ros2/build/my_robot_controller': CMAKE_PREFIX_PATH=/opt/ros/humble /usr/bin/cmake /home/duel/ros2/src/my_robot_controller -DCMAKE_INSTALL_PREFIX=/home/duel/ros2/install/my_robot_controller
[1.220s] -- The C compiler identification is GNU 9.5.0
[1.888s] -- The CXX compiler identification is GNU 9.5.0
[2.144s] -- Detecting C compiler ABI info
[2.352s] -- Detecting C compiler ABI info - done
[2.359s] -- Check for working C compiler: /usr/bin/cc - skipped
[2.359s] -- Detecting C compile features
[2.374s] -- Detecting C compile features - done
[2.379s] -- Detecting CXX compiler ABI info
[2.508s] -- Detecting CXX compiler ABI info - done
[2.515s] -- Check for working CXX compiler: /usr/bin/c++ - skipped
[2.515s] -- Detecting CXX compile features
[2.515s] -- Detecting CXX compile features - done
[2.517s] -- Found ament_cmake: 1.3.11 (/opt/ros/humble/share/ament_cmake/cmake)
[2.784s] -- Found Python3: /usr/bin/python3 (found version "3.10.12") found components: Interpreter 
[2.903s] -- Found rclcpp: 16.0.11 (/opt/ros/humble/share/rclcpp/cmake)
[2.940s] -- Found rosidl_generator_c: 3.1.6 (/opt/ros/humble/share/rosidl_generator_c/cmake)
[2.944s] -- Found rosidl_adapter: 3.1.6 (/opt/ros/humble/share/rosidl_adapter/cmake)
[2.950s] -- Found rosidl_generator_cpp: 3.1.6 (/opt/ros/humble/share/rosidl_generator_cpp/cmake)
[2.961s] -- Using all available rosidl_typesupport_c: rosidl_typesupport_fastrtps_c;rosidl_typesupport_introspection_c
[2.974s] -- Using all available rosidl_typesupport_cpp: rosidl_typesupport_fastrtps_cpp;rosidl_typesupport_introspection_cpp
[3.009s] -- Found rmw_implementation_cmake: 6.1.2 (/opt/ros/humble/share/rmw_implementation_cmake/cmake)
[3.011s] -- Found rmw_fastrtps_cpp: 6.2.7 (/opt/ros/humble/share/rmw_fastrtps_cpp/cmake)
[3.133s] -- Found OpenSSL: /usr/lib/x86_64-linux-gnu/libcrypto.so (found version "3.0.2")  
[3.160s] -- Found FastRTPS: /opt/ros/humble/include  
[3.201s] -- Using RMW implementation 'rmw_fastrtps_cpp' as default
[3.243s] -- Looking for pthread.h
[3.489s] -- Looking for pthread.h - found
[3.489s] -- Performing Test CMAKE_HAVE_LIBC_PTHREAD
[3.572s] -- Performing Test CMAKE_HAVE_LIBC_PTHREAD - Success
[3.573s] -- Found Threads: TRUE  
[3.656s] -- Found ament_lint_auto: 0.12.11 (/opt/ros/humble/share/ament_lint_auto/cmake)
[3.722s] -- Added test 'cppcheck' to perform static code analysis on C / C++ code
[3.723s] -- Configured cppcheck include dirs: 
[3.723s] -- Configured cppcheck exclude dirs and/or files: 
[3.723s] -- Added test 'lint_cmake' to check CMake code style
[3.724s] -- Added test 'uncrustify' to check C / C++ code style
[3.724s] -- Configured uncrustify additional arguments: 
[3.724s] -- Added test 'xmllint' to check XML markup files
[3.725s] -- Configuring done
[3.730s] -- Generating done
[3.732s] -- Build files have been written to: /home/duel/ros2/build/my_robot_controller
[3.740s] Invoked command in '/home/duel/ros2/build/my_robot_controller' returned '0': CMAKE_PREFIX_PATH=/opt/ros/humble /usr/bin/cmake /home/duel/ros2/src/my_robot_controller -DCMAKE_INSTALL_PREFIX=/home/duel/ros2/install/my_robot_controller
[3.743s] Invoking command in '/home/duel/ros2/build/my_robot_controller': CMAKE_PREFIX_PATH=/opt/ros/humble /usr/bin/cmake --build /home/duel/ros2/build/my_robot_controller -- -j12 -l12
[3.783s] Invoked command in '/home/duel/ros2/build/my_robot_controller' returned '0': CMAKE_PREFIX_PATH=/opt/ros/humble /usr/bin/cmake --build /home/duel/ros2/build/my_robot_controller -- -j12 -l12
[3.794s] Invoking command in '/home/duel/ros2/build/my_robot_controller': CMAKE_PREFIX_PATH=/opt/ros/humble /usr/bin/cmake --install /home/duel/ros2/build/my_robot_controller
[3.801s] -- Install configuration: ""
[3.801s] -- Installing: /home/duel/ros2/install/my_robot_controller/share/ament_index/resource_index/package_run_dependencies/my_robot_controller
[3.801s] -- Installing: /home/duel/ros2/install/my_robot_controller/share/ament_index/resource_index/parent_prefix_path/my_robot_controller
[3.802s] -- Installing: /home/duel/ros2/install/my_robot_controller/share/my_robot_controller/environment/ament_prefix_path.sh
[3.802s] -- Installing: /home/duel/ros2/install/my_robot_controller/share/my_robot_controller/environment/ament_prefix_path.dsv
[3.802s] -- Installing: /home/duel/ros2/install/my_robot_controller/share/my_robot_controller/environment/path.sh
[3.802s] -- Installing: /home/duel/ros2/install/my_robot_controller/share/my_robot_controller/environment/path.dsv
[3.802s] -- Installing: /home/duel/ros2/install/my_robot_controller/share/my_robot_controller/local_setup.bash
[3.802s] -- Installing: /home/duel/ros2/install/my_robot_controller/share/my_robot_controller/local_setup.sh
[3.802s] -- Installing: /home/duel/ros2/install/my_robot_controller/share/my_robot_controller/local_setup.zsh
[3.802s] -- Installing: /home/duel/ros2/install/my_robot_controller/share/my_robot_controller/local_setup.dsv
[3.802s] -- Installing: /home/duel/ros2/install/my_robot_controller/share/my_robot_controller/package.dsv
[3.803s] -- Installing: /home/duel/ros2/install/my_robot_controller/share/ament_index/resource_index/packages/my_robot_controller
[3.803s] -- Installing: /home/duel/ros2/install/my_robot_controller/share/my_robot_controller/cmake/my_robot_controllerConfig.cmake
[3.803s] -- Installing: /home/duel/ros2/install/my_robot_controller/share/my_robot_controller/cmake/my_robot_controllerConfig-version.cmake
[3.803s] -- Installing: /home/duel/ros2/install/my_robot_controller/share/my_robot_controller/package.xml
[3.805s] Invoked command in '/home/duel/ros2/build/my_robot_controller' returned '0': CMAKE_PREFIX_PATH=/opt/ros/humble /usr/bin/cmake --install /home/duel/ros2/build/my_robot_controller
